<?xml version="1.0" encoding="UTF-8"?>
<!-- Generated by org.testng.reporters.JUnitReportReporter -->
<testsuite hostname="DESKTOP-8KFKMLI" failures="0" tests="7" name="payment.NewCust_Cash" time="65.937" errors="0" timestamp="2021-11-24T07:17:33 IST" skipped="1">
  <testcase classname="payment.NewCust_Cash" name="Login" time="1.020"/>
  <system-out/>
  <testcase classname="payment.NewCust_Cash" name="New_Cust_Creation" time="26.501"/>
  <system-out/>
  <testcase classname="payment.NewCust_Cash" name="ItemSelection" time="6.085"/>
  <system-out/>
  <testcase classname="payment.NewCust_Cash" name="ItemSelection" time="5.993"/>
  <system-out/>
  <testcase classname="payment.NewCust_Cash" name="ItemSelection" time="6.069"/>
  <system-out/>
  <testcase classname="payment.NewCust_Cash" name="PaymentType" time="20.269"/>
  <system-out/>
  <testcase classname="payment.NewCust_Cash" name="TotalType">
    <skipped/>
  </testcase> <!-- TotalType -->
  <system-out/>
</testsuite> <!-- payment.NewCust_Cash -->
