<?xml version="1.0" encoding="UTF-8"?>
<!-- Generated by org.testng.reporters.JUnitReportReporter -->
<testsuite hostname="DESKTOP-8KFKMLI" failures="0" tests="7" name="smokeflow.NewCustProd" time="76.745" errors="0" timestamp="2022-01-18T09:01:49 IST" skipped="1">
  <testcase classname="smokeflow.NewCustProd" name="Login" time="21.467"/>
  <system-out/>
  <testcase classname="smokeflow.NewCustProd" name="New_Cust_Creation" time="20.176"/>
  <system-out/>
  <testcase classname="smokeflow.NewCustProd" name="ItemSelection" time="4.622"/>
  <system-out/>
  <testcase classname="smokeflow.NewCustProd" name="ItemSelection" time="4.316"/>
  <system-out/>
  <testcase classname="smokeflow.NewCustProd" name="ItemSelection" time="5.180"/>
  <system-out/>
  <testcase classname="smokeflow.NewCustProd" name="PaymentType" time="20.984"/>
  <system-out/>
  <testcase classname="smokeflow.NewCustProd" name="TotalType">
    <skipped/>
  </testcase> <!-- TotalType -->
  <system-out/>
</testsuite> <!-- smokeflow.NewCustProd -->
