<?xml version="1.0" encoding="UTF-8"?>
<!-- Generated by org.testng.reporters.JUnitReportReporter -->
<testsuite hostname="DESKTOP-8KFKMLI" failures="0" tests="2" name="googlesearch.GoogleSearchClass" time="0.000" errors="0" timestamp="2021-10-30T11:43:03 IST" skipped="2">
  <testcase classname="googlesearch.GoogleSearchClass" name="homepage_keysenter" time="0.000">
    <skipped/>
  </testcase> <!-- homepage_keysenter -->
  <system-out/>
  <testcase classname="googlesearch.GoogleSearchClass" name="keyenter2" time="0.000">
    <skipped/>
  </testcase> <!-- keyenter2 -->
  <system-out/>
</testsuite> <!-- googlesearch.GoogleSearchClass -->
