<?xml version="1.0" encoding="UTF-8"?>
<!-- Generated by org.testng.reporters.JUnitReportReporter -->
<testsuite hostname="DESKTOP-8KFKMLI" failures="0" tests="7" name="cbtsmoke.CBT" time="0.341" errors="1" timestamp="2021-10-30T18:26:25 IST" skipped="6">
  <testcase classname="cbtsmoke.CBT" name="chromelaunch" time="0.341">
    <error message="org.openqa.selenium.remote.DesiredCapabilities.internetExplorer()Lorg/openqa/selenium/remote/DesiredCapabilities;" type="java.lang.NoSuchMethodError">
      <![CDATA[java.lang.NoSuchMethodError: org.openqa.selenium.remote.DesiredCapabilities.internetExplorer()Lorg/openqa/selenium/remote/DesiredCapabilities;
at org.openqa.selenium.ie.InternetExplorerDriver.<init>(InternetExplorerDriver.java:204)
at org.openqa.selenium.ie.InternetExplorerDriver.<init>(InternetExplorerDriver.java:150)
at mainpackage.CBTClass.chromelaunch(CBTClass.java:47)
at java.base/jdk.internal.reflect.NativeMethodAccessorImpl.invoke0(Native Method)
at java.base/jdk.internal.reflect.NativeMethodAccessorImpl.invoke(NativeMethodAccessorImpl.java:62)
at java.base/jdk.internal.reflect.DelegatingMethodAccessorImpl.invoke(DelegatingMethodAccessorImpl.java:43)
at java.base/java.lang.reflect.Method.invoke(Method.java:566)
at org.testng.internal.MethodInvocationHelper.invokeMethod(MethodInvocationHelper.java:133)
at org.testng.internal.MethodInvocationHelper.invokeMethodConsideringTimeout(MethodInvocationHelper.java:62)
at org.testng.internal.ConfigInvoker.invokeConfigurationMethod(ConfigInvoker.java:385)
at org.testng.internal.ConfigInvoker.invokeConfigurations(ConfigInvoker.java:321)
at org.testng.TestRunner.invokeTestConfigurations(TestRunner.java:637)
at org.testng.TestRunner.beforeRun(TestRunner.java:627)
at org.testng.TestRunner.run(TestRunner.java:589)
at org.testng.SuiteRunner.runTest(SuiteRunner.java:377)
at org.testng.SuiteRunner.runSequentially(SuiteRunner.java:371)
at org.testng.SuiteRunner.privateRun(SuiteRunner.java:332)
at org.testng.SuiteRunner.run(SuiteRunner.java:276)
at org.testng.SuiteRunnerWorker.runSuite(SuiteRunnerWorker.java:53)
at org.testng.SuiteRunnerWorker.run(SuiteRunnerWorker.java:96)
at org.testng.TestNG.runSuitesSequentially(TestNG.java:1212)
at org.testng.TestNG.runSuitesLocally(TestNG.java:1134)
at org.testng.TestNG.runSuites(TestNG.java:1063)
at org.testng.TestNG.run(TestNG.java:1031)
at org.testng.remote.AbstractRemoteTestNG.run(AbstractRemoteTestNG.java:115)
at org.testng.remote.RemoteTestNG.initAndRun(RemoteTestNG.java:251)
at org.testng.remote.RemoteTestNG.main(RemoteTestNG.java:77)
]]>
    </error>
  </testcase> <!-- chromelaunch -->
  <system-out/>
  <testcase classname="cbtsmoke.CBT" name="Login" time="0.000">
    <skipped/>
  </testcase> <!-- Login -->
  <system-out/>
  <testcase classname="cbtsmoke.CBT" name="New_Cust_Creation" time="0.000">
    <skipped/>
  </testcase> <!-- New_Cust_Creation -->
  <system-out/>
  <testcase classname="cbtsmoke.CBT" name="ItemSelection" time="0.000">
    <skipped/>
  </testcase> <!-- ItemSelection -->
  <system-out/>
  <testcase classname="cbtsmoke.CBT" name="ItemSelection" time="0.000">
    <skipped/>
  </testcase> <!-- ItemSelection -->
  <system-out/>
  <testcase classname="cbtsmoke.CBT" name="PaymentType" time="0.000">
    <skipped/>
  </testcase> <!-- PaymentType -->
  <system-out/>
  <testcase classname="cbtsmoke.CBT" name="TotalType">
    <skipped/>
  </testcase> <!-- TotalType -->
  <system-out/>
</testsuite> <!-- cbtsmoke.CBT -->
